2022-10-28 00:25:44.127[1666927544127] | INFO  | main       | o.a.k.c.producer.ProducerConfig      - ProducerConfig values: 
	acks = -1
	batch.size = 16384
	bootstrap.servers = [localhost:19091]
	buffer.memory = 33554432
	client.dns.lookup = use_all_dns_ips
	client.id = producer-1
	compression.type = none
	connections.max.idle.ms = 540000
	delivery.timeout.ms = 120000
	enable.idempotence = true
	interceptor.classes = []
	key.serializer = class org.apache.kafka.common.serialization.StringSerializer
	linger.ms = 0
	max.block.ms = 60000
	max.in.flight.requests.per.connection = 5
	max.request.size = 1048576
	metadata.max.age.ms = 300000
	metadata.max.idle.ms = 300000
	metric.reporters = []
	metrics.num.samples = 2
	metrics.recording.level = INFO
	metrics.sample.window.ms = 30000
	partitioner.adaptive.partitioning.enable = true
	partitioner.availability.timeout.ms = 0
	partitioner.class = null
	partitioner.ignore.keys = false
	receive.buffer.bytes = 32768
	reconnect.backoff.max.ms = 1000
	reconnect.backoff.ms = 50
	request.timeout.ms = 30000
	retries = 2147483647
	retry.backoff.ms = 100
	sasl.client.callback.handler.class = null
	sasl.jaas.config = null
	sasl.kerberos.kinit.cmd = /usr/bin/kinit
	sasl.kerberos.min.time.before.relogin = 60000
	sasl.kerberos.service.name = null
	sasl.kerberos.ticket.renew.jitter = 0.05
	sasl.kerberos.ticket.renew.window.factor = 0.8
	sasl.login.callback.handler.class = null
	sasl.login.class = null
	sasl.login.connect.timeout.ms = null
	sasl.login.read.timeout.ms = null
	sasl.login.refresh.buffer.seconds = 300
	sasl.login.refresh.min.period.seconds = 60
	sasl.login.refresh.window.factor = 0.8
	sasl.login.refresh.window.jitter = 0.05
	sasl.login.retry.backoff.max.ms = 10000
	sasl.login.retry.backoff.ms = 100
	sasl.mechanism = GSSAPI
	sasl.oauthbearer.clock.skew.seconds = 30
	sasl.oauthbearer.expected.audience = null
	sasl.oauthbearer.expected.issuer = null
	sasl.oauthbearer.jwks.endpoint.refresh.ms = 3600000
	sasl.oauthbearer.jwks.endpoint.retry.backoff.max.ms = 10000
	sasl.oauthbearer.jwks.endpoint.retry.backoff.ms = 100
	sasl.oauthbearer.jwks.endpoint.url = null
	sasl.oauthbearer.scope.claim.name = scope
	sasl.oauthbearer.sub.claim.name = sub
	sasl.oauthbearer.token.endpoint.url = null
	security.protocol = PLAINTEXT
	security.providers = null
	send.buffer.bytes = 131072
	socket.connection.setup.timeout.max.ms = 30000
	socket.connection.setup.timeout.ms = 10000
	ssl.cipher.suites = null
	ssl.enabled.protocols = [TLSv1.2, TLSv1.3]
	ssl.endpoint.identification.algorithm = https
	ssl.engine.factory.class = null
	ssl.key.password = null
	ssl.keymanager.algorithm = SunX509
	ssl.keystore.certificate.chain = null
	ssl.keystore.key = null
	ssl.keystore.location = null
	ssl.keystore.password = null
	ssl.keystore.type = JKS
	ssl.protocol = TLSv1.3
	ssl.provider = null
	ssl.secure.random.implementation = null
	ssl.trustmanager.algorithm = PKIX
	ssl.truststore.certificates = null
	ssl.truststore.location = null
	ssl.truststore.password = null
	ssl.truststore.type = JKS
	transaction.timeout.ms = 60000
	transactional.id = null
	value.serializer = class org.apache.kafka.common.serialization.StringSerializer

2022-10-28 00:25:44.305[1666927544305] | INFO  | main       | o.a.k.clients.producer.KafkaProducer - [Producer clientId=producer-1] Instantiated an idempotent producer.
2022-10-28 00:25:44.371[1666927544371] | INFO  | main       | o.a.kafka.common.utils.AppInfoParser - Kafka version: 3.3.1
2022-10-28 00:25:44.372[1666927544372] | INFO  | main       | o.a.kafka.common.utils.AppInfoParser - Kafka commitId: e23c59d00e687ff5
2022-10-28 00:25:44.373[1666927544373] | INFO  | main       | o.a.kafka.common.utils.AppInfoParser - Kafka startTimeMs: 1666927544368
2022-10-28 00:25:44.875[1666927544875] | INFO  | main       | c.b.c.c.utils.WebSocketConnection    - [Connection 1] Connecting to stream.binance.com/stream
2022-10-28 00:25:45.093[1666927545093] | INFO  | kafka-producer-network-thread | producer-1 | org.apache.kafka.clients.Metadata    - [Producer clientId=producer-1] Cluster ID: __lyw37mSSifCVJM-c2DNg
2022-10-28 00:25:45.205[1666927545205] | INFO  | kafka-producer-network-thread | producer-1 | o.a.k.c.p.i.TransactionManager       - [Producer clientId=producer-1] ProducerId set to 0 with epoch 0
2022-10-28 00:25:46.936[1666927546936] | INFO  | OkHttp https://stream.binance.com:9443/... | c.b.c.c.utils.WebSocketConnection    - [Connection 1] Connected to Server
2022-10-28 00:25:47.665[1666927547665] | WARN  | kafka-producer-network-thread | producer-1 | o.apache.kafka.clients.NetworkClient - [Producer clientId=producer-1] Error while fetching metadata with correlation id 4 : {binance_stream_events=LEADER_NOT_AVAILABLE}
2022-10-28 00:25:47.832[1666927547832] | WARN  | kafka-producer-network-thread | producer-1 | o.apache.kafka.clients.NetworkClient - [Producer clientId=producer-1] Error while fetching metadata with correlation id 5 : {binance_stream_events=LEADER_NOT_AVAILABLE}
2022-10-28 00:25:47.973[1666927547973] | WARN  | kafka-producer-network-thread | producer-1 | o.apache.kafka.clients.NetworkClient - [Producer clientId=producer-1] Error while fetching metadata with correlation id 6 : {binance_stream_events=LEADER_NOT_AVAILABLE}
2022-10-28 00:25:48.130[1666927548130] | WARN  | kafka-producer-network-thread | producer-1 | o.apache.kafka.clients.NetworkClient - [Producer clientId=producer-1] Error while fetching metadata with correlation id 7 : {binance_stream_events=LEADER_NOT_AVAILABLE}
2022-10-28 00:25:48.525[1666927548525] | WARN  | kafka-producer-network-thread | producer-1 | o.apache.kafka.clients.NetworkClient - [Producer clientId=producer-1] Error while fetching metadata with correlation id 8 : {binance_stream_events=LEADER_NOT_AVAILABLE}
2022-10-28 00:25:48.723[1666927548723] | WARN  | kafka-producer-network-thread | producer-1 | o.apache.kafka.clients.NetworkClient - [Producer clientId=producer-1] Error while fetching metadata with correlation id 9 : {binance_stream_events=LEADER_NOT_AVAILABLE}
2022-10-28 00:25:48.870[1666927548870] | WARN  | kafka-producer-network-thread | producer-1 | o.apache.kafka.clients.NetworkClient - [Producer clientId=producer-1] Error while fetching metadata with correlation id 10 : {binance_stream_events=LEADER_NOT_AVAILABLE}
2022-10-28 00:25:48.998[1666927548998] | WARN  | kafka-producer-network-thread | producer-1 | o.apache.kafka.clients.NetworkClient - [Producer clientId=producer-1] Error while fetching metadata with correlation id 11 : {binance_stream_events=LEADER_NOT_AVAILABLE}
2022-10-28 00:25:49.130[1666927549130] | WARN  | kafka-producer-network-thread | producer-1 | o.apache.kafka.clients.NetworkClient - [Producer clientId=producer-1] Error while fetching metadata with correlation id 12 : {binance_stream_events=LEADER_NOT_AVAILABLE}
2022-10-28 00:25:49.256[1666927549256] | WARN  | kafka-producer-network-thread | producer-1 | o.apache.kafka.clients.NetworkClient - [Producer clientId=producer-1] Error while fetching metadata with correlation id 13 : {binance_stream_events=LEADER_NOT_AVAILABLE}
2022-10-28 00:25:49.394[1666927549394] | WARN  | kafka-producer-network-thread | producer-1 | o.apache.kafka.clients.NetworkClient - [Producer clientId=producer-1] Error while fetching metadata with correlation id 14 : {binance_stream_events=LEADER_NOT_AVAILABLE}
2022-10-28 00:25:49.547[1666927549547] | INFO  | kafka-producer-network-thread | producer-1 | org.apache.kafka.clients.Metadata    - [Producer clientId=producer-1] Resetting the last seen epoch of partition binance_stream_events-0 to 0 since the associated topicId changed from null to Z0pjF6KRRrG6mbVN37uotQ
